[ 2016-10-29T10:57:57+08:00 ] 127.0.0.1 /Api/index/index
INFO: [ app_init ] --START--
INFO: Run Behavior\BuildLiteBehavior [ RunTime:0.000014s ]
INFO: [ app_init ] --END-- [ RunTime:0.000444s ]
INFO: [ app_begin ] --START--
INFO: Run Behavior\ReadHtmlCacheBehavior [ RunTime:0.000648s ]
INFO: [ app_begin ] --END-- [ RunTime:0.000723s ]
INFO: [ view_parse ] --START--
INFO: [ template_filter ] --START--
INFO: Run Behavior\ContentReplaceBehavior [ RunTime:0.000046s ]
INFO: [ template_filter ] --END-- [ RunTime:0.000114s ]
INFO: Run Behavior\ParseTemplateBehavior [ RunTime:0.010677s ]
INFO: [ view_parse ] --END-- [ RunTime:0.010768s ]
INFO: [ view_filter ] --START--
INFO: Run Behavior\WriteHtmlCacheBehavior [ RunTime:0.000385s ]
INFO: [ view_filter ] --END-- [ RunTime:0.000436s ]
INFO: [ app_end ] --START--
INFO: Run Behavior\ShowPageTraceBehavior [ RunTime:0.000644s ]
INFO: [ app_end ] --END-- [ RunTime:0.000796s ]

[ 2016-10-29T10:58:08+08:00 ] 127.0.0.1 /Api/Index/index
INFO: [ app_init ] --START--
INFO: Run Behavior\BuildLiteBehavior [ RunTime:0.000020s ]
INFO: [ app_init ] --END-- [ RunTime:0.000642s ]
INFO: [ app_begin ] --START--
INFO: Run Behavior\ReadHtmlCacheBehavior [ RunTime:0.000595s ]
INFO: [ app_begin ] --END-- [ RunTime:0.000655s ]
INFO: [ view_parse ] --START--
INFO: Run Behavior\ParseTemplateBehavior [ RunTime:0.000375s ]
INFO: [ view_parse ] --END-- [ RunTime:0.000436s ]
INFO: [ view_filter ] --START--
INFO: Run Behavior\WriteHtmlCacheBehavior [ RunTime:0.000370s ]
INFO: [ view_filter ] --END-- [ RunTime:0.000422s ]
INFO: [ app_end ] --START--
INFO: Run Behavior\ShowPageTraceBehavior [ RunTime:0.000607s ]
INFO: [ app_end ] --END-- [ RunTime:0.000662s ]

[ 2016-10-29T10:58:59+08:00 ] 127.0.0.1 /Api/Index/index
INFO: [ app_init ] --START--
INFO: Run Behavior\BuildLiteBehavior [ RunTime:0.000015s ]
INFO: [ app_init ] --END-- [ RunTime:0.000656s ]
INFO: [ app_begin ] --START--
INFO: Run Behavior\ReadHtmlCacheBehavior [ RunTime:0.001181s ]
INFO: [ app_begin ] --END-- [ RunTime:0.001249s ]
INFO: [ app_end ] --START--
INFO: Run Behavior\ShowPageTraceBehavior [ RunTime:0.000998s ]
INFO: [ app_end ] --END-- [ RunTime:0.001071s ]

[ 2016-10-29T11:24:40+08:00 ] 127.0.0.1 /Api/Index/index
INFO: [ app_init ] --START--
INFO: Run Behavior\BuildLiteBehavior [ RunTime:0.000015s ]
INFO: [ app_init ] --END-- [ RunTime:0.000646s ]
INFO: [ app_begin ] --START--
INFO: Run Behavior\ReadHtmlCacheBehavior [ RunTime:0.001057s ]
INFO: [ app_begin ] --END-- [ RunTime:0.001119s ]
INFO: [ app_end ] --START--
INFO: Run Behavior\ShowPageTraceBehavior [ RunTime:0.000931s ]
INFO: [ app_end ] --END-- [ RunTime:0.000995s ]

[ 2016-10-29T11:24:53+08:00 ] 127.0.0.1 /Api/Index/cetatjson
INFO: [ app_init ] --START--
INFO: Run Behavior\BuildLiteBehavior [ RunTime:0.000017s ]
INFO: [ app_init ] --END-- [ RunTime:0.000510s ]
INFO: [ app_begin ] --START--
INFO: Run Behavior\ReadHtmlCacheBehavior [ RunTime:0.000649s ]
INFO: [ app_begin ] --END-- [ RunTime:0.000717s ]
ERR: 非法操作:cetatjson

[ 2016-10-29T11:25:05+08:00 ] 127.0.0.1 /Api/Index/creatjson
INFO: [ app_init ] --START--
INFO: Run Behavior\BuildLiteBehavior [ RunTime:0.000014s ]
INFO: [ app_init ] --END-- [ RunTime:0.000470s ]
INFO: [ app_begin ] --START--
INFO: Run Behavior\ReadHtmlCacheBehavior [ RunTime:0.000583s ]
INFO: [ app_begin ] --END-- [ RunTime:0.000639s ]
NOTIC: [8] Undefined variable: json1 D:\api\Application\Api\Controller\IndexController.class.php 第 16 行.
INFO: [ app_end ] --START--
INFO: Run Behavior\ShowPageTraceBehavior [ RunTime:0.000961s ]
INFO: [ app_end ] --END-- [ RunTime:0.001048s ]

[ 2016-10-29T11:26:42+08:00 ] 127.0.0.1 /Api/Index/creatjson
INFO: [ app_init ] --START--
INFO: Run Behavior\BuildLiteBehavior [ RunTime:0.000014s ]
INFO: [ app_init ] --END-- [ RunTime:0.000618s ]
INFO: [ app_begin ] --START--
INFO: Run Behavior\ReadHtmlCacheBehavior [ RunTime:0.001053s ]
INFO: [ app_begin ] --END-- [ RunTime:0.001113s ]
INFO: [ app_end ] --START--
INFO: Run Behavior\ShowPageTraceBehavior [ RunTime:0.000899s ]
INFO: [ app_end ] --END-- [ RunTime:0.000959s ]

[ 2016-10-29T11:30:03+08:00 ] 127.0.0.1 /Api/Index/redjson
INFO: [ app_init ] --START--
INFO: Run Behavior\BuildLiteBehavior [ RunTime:0.000019s ]
INFO: [ app_init ] --END-- [ RunTime:0.000915s ]
INFO: [ app_begin ] --START--
INFO: Run Behavior\ReadHtmlCacheBehavior [ RunTime:0.001341s ]
INFO: [ app_begin ] --END-- [ RunTime:0.001462s ]
INFO: [ app_end ] --START--
INFO: Run Behavior\ShowPageTraceBehavior [ RunTime:0.004496s ]
INFO: [ app_end ] --END-- [ RunTime:0.004590s ]

[ 2016-10-29T11:30:55+08:00 ] 127.0.0.1 /Api/Index/redjson
INFO: [ app_init ] --START--
INFO: Run Behavior\BuildLiteBehavior [ RunTime:0.000015s ]
INFO: [ app_init ] --END-- [ RunTime:0.000475s ]
INFO: [ app_begin ] --START--
INFO: Run Behavior\ReadHtmlCacheBehavior [ RunTime:0.000582s ]
INFO: [ app_begin ] --END-- [ RunTime:0.000637s ]
INFO: [ app_end ] --START--
INFO: Run Behavior\ShowPageTraceBehavior [ RunTime:0.000623s ]
INFO: [ app_end ] --END-- [ RunTime:0.000688s ]

[ 2016-10-29T11:43:48+08:00 ] 127.0.0.1 /Api/Index/creatXML
INFO: [ app_init ] --START--
INFO: Run Behavior\BuildLiteBehavior [ RunTime:0.000017s ]
INFO: [ app_init ] --END-- [ RunTime:0.000670s ]
INFO: [ app_begin ] --START--
INFO: Run Behavior\ReadHtmlCacheBehavior [ RunTime:0.001053s ]
INFO: [ app_begin ] --END-- [ RunTime:0.001113s ]
INFO: [ app_end ] --START--
INFO: Run Behavior\ShowPageTraceBehavior [ RunTime:0.000947s ]
INFO: [ app_end ] --END-- [ RunTime:0.001021s ]

[ 2016-10-29T11:48:42+08:00 ] 127.0.0.1 /Api/Index/redXML
INFO: [ app_init ] --START--
INFO: Run Behavior\BuildLiteBehavior [ RunTime:0.000062s ]
INFO: [ app_init ] --END-- [ RunTime:0.000805s ]
INFO: [ app_begin ] --START--
INFO: Run Behavior\ReadHtmlCacheBehavior [ RunTime:0.001070s ]
INFO: [ app_begin ] --END-- [ RunTime:0.001131s ]
NOTIC: [2] simplexml_load_string() [<a href='function.simplexml-load-string'>function.simplexml-load-string</a>]: Entity: line 1: parser error : Opening and ending tag mismatch: age line 1 and a D:\api\Application\Api\Controller\IndexController.class.php 第 39 行.
NOTIC: [2] simplexml_load_string() [<a href='function.simplexml-load-string'>function.simplexml-load-string</a>]: &lt;?xml version=&quot;1.0&quot; encoding=&quot;utf-8&quot;?&gt;&lt;a&gt;&lt;name&gt;tom&lt;/name&gt;&lt;age&gt;20&lt;age/&gt;&lt;/a&gt; D:\api\Application\Api\Controller\IndexController.class.php 第 39 行.
NOTIC: [2] simplexml_load_string() [<a href='function.simplexml-load-string'>function.simplexml-load-string</a>]:                                                                           ^ D:\api\Application\Api\Controller\IndexController.class.php 第 39 行.
NOTIC: [2] simplexml_load_string() [<a href='function.simplexml-load-string'>function.simplexml-load-string</a>]: Entity: line 1: parser error : Premature end of data in tag a line 1 D:\api\Application\Api\Controller\IndexController.class.php 第 39 行.
NOTIC: [2] simplexml_load_string() [<a href='function.simplexml-load-string'>function.simplexml-load-string</a>]: &lt;?xml version=&quot;1.0&quot; encoding=&quot;utf-8&quot;?&gt;&lt;a&gt;&lt;name&gt;tom&lt;/name&gt;&lt;age&gt;20&lt;age/&gt;&lt;/a&gt; D:\api\Application\Api\Controller\IndexController.class.php 第 39 行.
NOTIC: [2] simplexml_load_string() [<a href='function.simplexml-load-string'>function.simplexml-load-string</a>]:                                                                           ^ D:\api\Application\Api\Controller\IndexController.class.php 第 39 行.
INFO: [ app_end ] --START--
INFO: Run Behavior\ShowPageTraceBehavior [ RunTime:0.001015s ]
INFO: [ app_end ] --END-- [ RunTime:0.001076s ]

[ 2016-10-29T11:49:13+08:00 ] 127.0.0.1 /Api/Index/redXML
INFO: [ app_init ] --START--
INFO: Run Behavior\BuildLiteBehavior [ RunTime:0.000013s ]
INFO: [ app_init ] --END-- [ RunTime:0.000475s ]
INFO: [ app_begin ] --START--
INFO: Run Behavior\ReadHtmlCacheBehavior [ RunTime:0.000553s ]
INFO: [ app_begin ] --END-- [ RunTime:0.000608s ]
NOTIC: [2] simplexml_load_string() [<a href='function.simplexml-load-string'>function.simplexml-load-string</a>]: Entity: line 1: parser error : Opening and ending tag mismatch: age line 1 and a D:\api\Application\Api\Controller\IndexController.class.php 第 39 行.
NOTIC: [2] simplexml_load_string() [<a href='function.simplexml-load-string'>function.simplexml-load-string</a>]: &lt;?xml version=&quot;1.0&quot; encoding=&quot;utf-8&quot;?&gt;&lt;a&gt;&lt;name&gt;tom&lt;/name&gt;&lt;age&gt;20&lt;age/&gt;&lt;/a&gt; D:\api\Application\Api\Controller\IndexController.class.php 第 39 行.
NOTIC: [2] simplexml_load_string() [<a href='function.simplexml-load-string'>function.simplexml-load-string</a>]:                                                                           ^ D:\api\Application\Api\Controller\IndexController.class.php 第 39 行.
NOTIC: [2] simplexml_load_string() [<a href='function.simplexml-load-string'>function.simplexml-load-string</a>]: Entity: line 1: parser error : Premature end of data in tag a line 1 D:\api\Application\Api\Controller\IndexController.class.php 第 39 行.
NOTIC: [2] simplexml_load_string() [<a href='function.simplexml-load-string'>function.simplexml-load-string</a>]: &lt;?xml version=&quot;1.0&quot; encoding=&quot;utf-8&quot;?&gt;&lt;a&gt;&lt;name&gt;tom&lt;/name&gt;&lt;age&gt;20&lt;age/&gt;&lt;/a&gt; D:\api\Application\Api\Controller\IndexController.class.php 第 39 行.
NOTIC: [2] simplexml_load_string() [<a href='function.simplexml-load-string'>function.simplexml-load-string</a>]:                                                                           ^ D:\api\Application\Api\Controller\IndexController.class.php 第 39 行.
INFO: [ app_end ] --START--
INFO: Run Behavior\ShowPageTraceBehavior [ RunTime:0.000609s ]
INFO: [ app_end ] --END-- [ RunTime:0.000662s ]

[ 2016-10-29T11:51:17+08:00 ] 127.0.0.1 /Api/Index/creatXML
INFO: [ app_init ] --START--
INFO: Run Behavior\BuildLiteBehavior [ RunTime:0.000015s ]
INFO: [ app_init ] --END-- [ RunTime:0.000637s ]
INFO: [ app_begin ] --START--
INFO: Run Behavior\ReadHtmlCacheBehavior [ RunTime:0.001044s ]
INFO: [ app_begin ] --END-- [ RunTime:0.001109s ]
INFO: [ app_end ] --START--
INFO: Run Behavior\ShowPageTraceBehavior [ RunTime:0.001045s ]
INFO: [ app_end ] --END-- [ RunTime:0.001290s ]

[ 2016-10-29T11:51:24+08:00 ] 127.0.0.1 /Api/Index/redXML
INFO: [ app_init ] --START--
INFO: Run Behavior\BuildLiteBehavior [ RunTime:0.000014s ]
INFO: [ app_init ] --END-- [ RunTime:0.000495s ]
INFO: [ app_begin ] --START--
INFO: Run Behavior\ReadHtmlCacheBehavior [ RunTime:0.000557s ]
INFO: [ app_begin ] --END-- [ RunTime:0.000612s ]
NOTIC: [2] simplexml_load_string() [<a href='function.simplexml-load-string'>function.simplexml-load-string</a>]: Entity: line 1: parser error : Opening and ending tag mismatch: age line 1 and a D:\api\Application\Api\Controller\IndexController.class.php 第 39 行.
NOTIC: [2] simplexml_load_string() [<a href='function.simplexml-load-string'>function.simplexml-load-string</a>]: &lt;?xml version=&quot;1.0&quot; encoding=&quot;utf-8&quot;?&gt;&lt;a&gt;&lt;name&gt;tom&lt;/name&gt;&lt;age&gt;20&lt;age/&gt;&lt;/a&gt; D:\api\Application\Api\Controller\IndexController.class.php 第 39 行.
NOTIC: [2] simplexml_load_string() [<a href='function.simplexml-load-string'>function.simplexml-load-string</a>]:                                                                           ^ D:\api\Application\Api\Controller\IndexController.class.php 第 39 行.
NOTIC: [2] simplexml_load_string() [<a href='function.simplexml-load-string'>function.simplexml-load-string</a>]: Entity: line 1: parser error : Premature end of data in tag a line 1 D:\api\Application\Api\Controller\IndexController.class.php 第 39 行.
NOTIC: [2] simplexml_load_string() [<a href='function.simplexml-load-string'>function.simplexml-load-string</a>]: &lt;?xml version=&quot;1.0&quot; encoding=&quot;utf-8&quot;?&gt;&lt;a&gt;&lt;name&gt;tom&lt;/name&gt;&lt;age&gt;20&lt;age/&gt;&lt;/a&gt; D:\api\Application\Api\Controller\IndexController.class.php 第 39 行.
NOTIC: [2] simplexml_load_string() [<a href='function.simplexml-load-string'>function.simplexml-load-string</a>]:                                                                           ^ D:\api\Application\Api\Controller\IndexController.class.php 第 39 行.
INFO: [ app_end ] --START--
INFO: Run Behavior\ShowPageTraceBehavior [ RunTime:0.000594s ]
INFO: [ app_end ] --END-- [ RunTime:0.000649s ]

[ 2016-10-29T11:53:58+08:00 ] 127.0.0.1 /Api/Index/redXML
INFO: [ app_init ] --START--
INFO: Run Behavior\BuildLiteBehavior [ RunTime:0.000019s ]
INFO: [ app_init ] --END-- [ RunTime:0.000628s ]
INFO: [ app_begin ] --START--
INFO: Run Behavior\ReadHtmlCacheBehavior [ RunTime:0.001002s ]
INFO: [ app_begin ] --END-- [ RunTime:0.001060s ]
NOTIC: [2] simplexml_load_string() [<a href='function.simplexml-load-string'>function.simplexml-load-string</a>]: Entity: line 1: parser error : Opening and ending tag mismatch: age line 1 and a D:\api\Application\Api\Controller\IndexController.class.php 第 39 行.
NOTIC: [2] simplexml_load_string() [<a href='function.simplexml-load-string'>function.simplexml-load-string</a>]: &lt;?xml version=&quot;1.0&quot; encoding=&quot;utf-8&quot;?&gt;&lt;a&gt;&lt;name&gt;tom&lt;/name&gt;&lt;age&gt;20&lt;age/&gt;&lt;/a&gt; D:\api\Application\Api\Controller\IndexController.class.php 第 39 行.
NOTIC: [2] simplexml_load_string() [<a href='function.simplexml-load-string'>function.simplexml-load-string</a>]:                                                                           ^ D:\api\Application\Api\Controller\IndexController.class.php 第 39 行.
NOTIC: [2] simplexml_load_string() [<a href='function.simplexml-load-string'>function.simplexml-load-string</a>]: Entity: line 1: parser error : Premature end of data in tag a line 1 D:\api\Application\Api\Controller\IndexController.class.php 第 39 行.
NOTIC: [2] simplexml_load_string() [<a href='function.simplexml-load-string'>function.simplexml-load-string</a>]: &lt;?xml version=&quot;1.0&quot; encoding=&quot;utf-8&quot;?&gt;&lt;a&gt;&lt;name&gt;tom&lt;/name&gt;&lt;age&gt;20&lt;age/&gt;&lt;/a&gt; D:\api\Application\Api\Controller\IndexController.class.php 第 39 行.
NOTIC: [2] simplexml_load_string() [<a href='function.simplexml-load-string'>function.simplexml-load-string</a>]:                                                                           ^ D:\api\Application\Api\Controller\IndexController.class.php 第 39 行.
INFO: [ app_end ] --START--
INFO: Run Behavior\ShowPageTraceBehavior [ RunTime:0.000905s ]
INFO: [ app_end ] --END-- [ RunTime:0.000994s ]

[ 2016-10-29T11:53:59+08:00 ] 127.0.0.1 /Api/Index/redXML
INFO: [ app_init ] --START--
INFO: Run Behavior\BuildLiteBehavior [ RunTime:0.000014s ]
INFO: [ app_init ] --END-- [ RunTime:0.000457s ]
INFO: [ app_begin ] --START--
INFO: Run Behavior\ReadHtmlCacheBehavior [ RunTime:0.000580s ]
INFO: [ app_begin ] --END-- [ RunTime:0.000635s ]
NOTIC: [2] simplexml_load_string() [<a href='function.simplexml-load-string'>function.simplexml-load-string</a>]: Entity: line 1: parser error : Opening and ending tag mismatch: age line 1 and a D:\api\Application\Api\Controller\IndexController.class.php 第 39 行.
NOTIC: [2] simplexml_load_string() [<a href='function.simplexml-load-string'>function.simplexml-load-string</a>]: &lt;?xml version=&quot;1.0&quot; encoding=&quot;utf-8&quot;?&gt;&lt;a&gt;&lt;name&gt;tom&lt;/name&gt;&lt;age&gt;20&lt;age/&gt;&lt;/a&gt; D:\api\Application\Api\Controller\IndexController.class.php 第 39 行.
NOTIC: [2] simplexml_load_string() [<a href='function.simplexml-load-string'>function.simplexml-load-string</a>]:                                                                           ^ D:\api\Application\Api\Controller\IndexController.class.php 第 39 行.
NOTIC: [2] simplexml_load_string() [<a href='function.simplexml-load-string'>function.simplexml-load-string</a>]: Entity: line 1: parser error : Premature end of data in tag a line 1 D:\api\Application\Api\Controller\IndexController.class.php 第 39 行.
NOTIC: [2] simplexml_load_string() [<a href='function.simplexml-load-string'>function.simplexml-load-string</a>]: &lt;?xml version=&quot;1.0&quot; encoding=&quot;utf-8&quot;?&gt;&lt;a&gt;&lt;name&gt;tom&lt;/name&gt;&lt;age&gt;20&lt;age/&gt;&lt;/a&gt; D:\api\Application\Api\Controller\IndexController.class.php 第 39 行.
NOTIC: [2] simplexml_load_string() [<a href='function.simplexml-load-string'>function.simplexml-load-string</a>]:                                                                           ^ D:\api\Application\Api\Controller\IndexController.class.php 第 39 行.
INFO: [ app_end ] --START--
INFO: Run Behavior\ShowPageTraceBehavior [ RunTime:0.000591s ]
INFO: [ app_end ] --END-- [ RunTime:0.000644s ]

[ 2016-10-29T11:53:59+08:00 ] 127.0.0.1 /Api/Index/redXML
INFO: [ app_init ] --START--
INFO: Run Behavior\BuildLiteBehavior [ RunTime:0.000014s ]
INFO: [ app_init ] --END-- [ RunTime:0.000467s ]
INFO: [ app_begin ] --START--
INFO: Run Behavior\ReadHtmlCacheBehavior [ RunTime:0.000579s ]
INFO: [ app_begin ] --END-- [ RunTime:0.000634s ]
NOTIC: [2] simplexml_load_string() [<a href='function.simplexml-load-string'>function.simplexml-load-string</a>]: Entity: line 1: parser error : Opening and ending tag mismatch: age line 1 and a D:\api\Application\Api\Controller\IndexController.class.php 第 39 行.
NOTIC: [2] simplexml_load_string() [<a href='function.simplexml-load-string'>function.simplexml-load-string</a>]: &lt;?xml version=&quot;1.0&quot; encoding=&quot;utf-8&quot;?&gt;&lt;a&gt;&lt;name&gt;tom&lt;/name&gt;&lt;age&gt;20&lt;age/&gt;&lt;/a&gt; D:\api\Application\Api\Controller\IndexController.class.php 第 39 行.
NOTIC: [2] simplexml_load_string() [<a href='function.simplexml-load-string'>function.simplexml-load-string</a>]:                                                                           ^ D:\api\Application\Api\Controller\IndexController.class.php 第 39 行.
NOTIC: [2] simplexml_load_string() [<a href='function.simplexml-load-string'>function.simplexml-load-string</a>]: Entity: line 1: parser error : Premature end of data in tag a line 1 D:\api\Application\Api\Controller\IndexController.class.php 第 39 行.
NOTIC: [2] simplexml_load_string() [<a href='function.simplexml-load-string'>function.simplexml-load-string</a>]: &lt;?xml version=&quot;1.0&quot; encoding=&quot;utf-8&quot;?&gt;&lt;a&gt;&lt;name&gt;tom&lt;/name&gt;&lt;age&gt;20&lt;age/&gt;&lt;/a&gt; D:\api\Application\Api\Controller\IndexController.class.php 第 39 行.
NOTIC: [2] simplexml_load_string() [<a href='function.simplexml-load-string'>function.simplexml-load-string</a>]:                                                                           ^ D:\api\Application\Api\Controller\IndexController.class.php 第 39 行.
INFO: [ app_end ] --START--
INFO: Run Behavior\ShowPageTraceBehavior [ RunTime:0.000595s ]
INFO: [ app_end ] --END-- [ RunTime:0.000648s ]

[ 2016-10-29T11:54:11+08:00 ] 127.0.0.1 /Api/Index/creatXML
INFO: [ app_init ] --START--
INFO: Run Behavior\BuildLiteBehavior [ RunTime:0.000014s ]
INFO: [ app_init ] --END-- [ RunTime:0.000487s ]
INFO: [ app_begin ] --START--
INFO: Run Behavior\ReadHtmlCacheBehavior [ RunTime:0.000580s ]
INFO: [ app_begin ] --END-- [ RunTime:0.000635s ]
INFO: [ app_end ] --START--
INFO: Run Behavior\ShowPageTraceBehavior [ RunTime:0.000646s ]
INFO: [ app_end ] --END-- [ RunTime:0.000823s ]

[ 2016-10-29T11:54:38+08:00 ] 127.0.0.1 /Api/Index/redXML
INFO: [ app_init ] --START--
INFO: Run Behavior\BuildLiteBehavior [ RunTime:0.000016s ]
INFO: [ app_init ] --END-- [ RunTime:0.000550s ]
INFO: [ app_begin ] --START--
INFO: Run Behavior\ReadHtmlCacheBehavior [ RunTime:0.000606s ]
INFO: [ app_begin ] --END-- [ RunTime:0.000664s ]
INFO: [ app_end ] --START--
INFO: Run Behavior\ShowPageTraceBehavior [ RunTime:0.000587s ]
INFO: [ app_end ] --END-- [ RunTime:0.000647s ]

[ 2016-10-29T14:55:05+08:00 ] 127.0.0.1 /Api/Index/redXML
INFO: [ app_init ] --START--
INFO: Run Behavior\BuildLiteBehavior [ RunTime:0.000017s ]
INFO: [ app_init ] --END-- [ RunTime:0.000651s ]
INFO: [ app_begin ] --START--
INFO: Run Behavior\ReadHtmlCacheBehavior [ RunTime:0.001014s ]
INFO: [ app_begin ] --END-- [ RunTime:0.001078s ]

[ 2016-10-29T14:55:07+08:00 ] 127.0.0.1 /Api/Index/creatXML
INFO: [ app_init ] --START--
INFO: Run Behavior\BuildLiteBehavior [ RunTime:0.000014s ]
INFO: [ app_init ] --END-- [ RunTime:0.000449s ]
INFO: [ app_begin ] --START--
INFO: Run Behavior\ReadHtmlCacheBehavior [ RunTime:0.000574s ]
INFO: [ app_begin ] --END-- [ RunTime:0.000629s ]
INFO: [ app_end ] --START--
INFO: Run Behavior\ShowPageTraceBehavior [ RunTime:0.001186s ]
INFO: [ app_end ] --END-- [ RunTime:0.001272s ]

[ 2016-10-29T14:55:09+08:00 ] 127.0.0.1 /Api/Index/creatXML
INFO: [ app_init ] --START--
INFO: Run Behavior\BuildLiteBehavior [ RunTime:0.000026s ]
INFO: [ app_init ] --END-- [ RunTime:0.000780s ]
INFO: [ app_begin ] --START--
INFO: Run Behavior\ReadHtmlCacheBehavior [ RunTime:0.000994s ]
INFO: [ app_begin ] --END-- [ RunTime:0.001106s ]
INFO: [ app_end ] --START--
INFO: Run Behavior\ShowPageTraceBehavior [ RunTime:0.001183s ]
INFO: [ app_end ] --END-- [ RunTime:0.001337s ]

[ 2016-10-29T14:55:35+08:00 ] 127.0.0.1 /Api/Index/redXML
INFO: [ app_init ] --START--
INFO: Run Behavior\BuildLiteBehavior [ RunTime:0.000049s ]
INFO: [ app_init ] --END-- [ RunTime:0.001046s ]
INFO: [ app_begin ] --START--
INFO: Run Behavior\ReadHtmlCacheBehavior [ RunTime:0.000621s ]
INFO: [ app_begin ] --END-- [ RunTime:0.000687s ]
INFO: [ app_end ] --START--
INFO: Run Behavior\ShowPageTraceBehavior [ RunTime:0.000613s ]
INFO: [ app_end ] --END-- [ RunTime:0.000674s ]

[ 2016-10-29T14:56:07+08:00 ] 127.0.0.1 /Api/Index/redXML
INFO: [ app_init ] --START--
INFO: Run Behavior\BuildLiteBehavior [ RunTime:0.000014s ]
INFO: [ app_init ] --END-- [ RunTime:0.000451s ]
INFO: [ app_begin ] --START--
INFO: Run Behavior\ReadHtmlCacheBehavior [ RunTime:0.000574s ]
INFO: [ app_begin ] --END-- [ RunTime:0.000629s ]
INFO: [ app_end ] --START--
INFO: Run Behavior\ShowPageTraceBehavior [ RunTime:0.000726s ]
INFO: [ app_end ] --END-- [ RunTime:0.000787s ]

[ 2016-10-29T14:56:09+08:00 ] 127.0.0.1 /Api/Index/redXML
INFO: [ app_init ] --START--
INFO: Run Behavior\BuildLiteBehavior [ RunTime:0.000016s ]
INFO: [ app_init ] --END-- [ RunTime:0.000498s ]
INFO: [ app_begin ] --START--
INFO: Run Behavior\ReadHtmlCacheBehavior [ RunTime:0.000873s ]
INFO: [ app_begin ] --END-- [ RunTime:0.001019s ]
INFO: [ app_end ] --START--
INFO: Run Behavior\ShowPageTraceBehavior [ RunTime:0.000609s ]
INFO: [ app_end ] --END-- [ RunTime:0.000677s ]

[ 2016-10-29T14:56:37+08:00 ] 127.0.0.1 /Api/Index/redXML
INFO: [ app_init ] --START--
INFO: Run Behavior\BuildLiteBehavior [ RunTime:0.000022s ]
INFO: [ app_init ] --END-- [ RunTime:0.000689s ]
INFO: [ app_begin ] --START--
INFO: Run Behavior\ReadHtmlCacheBehavior [ RunTime:0.001217s ]
INFO: [ app_begin ] --END-- [ RunTime:0.001350s ]
INFO: [ app_end ] --START--
INFO: Run Behavior\ShowPageTraceBehavior [ RunTime:0.000621s ]
INFO: [ app_end ] --END-- [ RunTime:0.000690s ]

[ 2016-10-29T19:41:41+08:00 ] 127.0.0.1 /index.php/Api/index/textRequset
INFO: [ app_init ] --START--
INFO: Run Behavior\BuildLiteBehavior [ RunTime:0.000016s ]
INFO: [ app_init ] --END-- [ RunTime:0.000677s ]
INFO: [ app_begin ] --START--
INFO: Run Behavior\ReadHtmlCacheBehavior [ RunTime:0.000998s ]
INFO: [ app_begin ] --END-- [ RunTime:0.001057s ]
NOTIC: [8] Use of undefined constant ch - assumed 'ch' D:\api\Application\Common\Common\function.php 第 21 行.
NOTIC: [2] curl_close() expects parameter 1 to be resource, string given D:\api\Application\Common\Common\function.php 第 21 行.
INFO: [ app_end ] --START--
INFO: Run Behavior\ShowPageTraceBehavior [ RunTime:0.001189s ]
INFO: [ app_end ] --END-- [ RunTime:0.001273s ]

[ 2016-10-29T19:41:58+08:00 ] 127.0.0.1 /index.php/Api/index/textRequset
INFO: [ app_init ] --START--
INFO: Run Behavior\BuildLiteBehavior [ RunTime:0.000014s ]
INFO: [ app_init ] --END-- [ RunTime:0.000452s ]
INFO: [ app_begin ] --START--
INFO: Run Behavior\ReadHtmlCacheBehavior [ RunTime:0.000626s ]
INFO: [ app_begin ] --END-- [ RunTime:0.000685s ]
NOTIC: [8] Use of undefined constant ch - assumed 'ch' D:\api\Application\Common\Common\function.php 第 21 行.
NOTIC: [2] curl_close() expects parameter 1 to be resource, string given D:\api\Application\Common\Common\function.php 第 21 行.
INFO: [ app_end ] --START--
INFO: Run Behavior\ShowPageTraceBehavior [ RunTime:0.000855s ]
INFO: [ app_end ] --END-- [ RunTime:0.000934s ]

[ 2016-10-29T19:43:16+08:00 ] 127.0.0.1 /index.php/Api/index/textRequset
INFO: [ app_init ] --START--
INFO: Run Behavior\BuildLiteBehavior [ RunTime:0.000018s ]
INFO: [ app_init ] --END-- [ RunTime:0.001114s ]
INFO: [ app_begin ] --START--
INFO: Run Behavior\ReadHtmlCacheBehavior [ RunTime:0.000678s ]
INFO: [ app_begin ] --END-- [ RunTime:0.000746s ]
NOTIC: [8] Use of undefined constant ch - assumed 'ch' D:\api\Application\Common\Common\function.php 第 21 行.
NOTIC: [2] curl_close() expects parameter 1 to be resource, string given D:\api\Application\Common\Common\function.php 第 21 行.
INFO: [ app_end ] --START--
INFO: Run Behavior\ShowPageTraceBehavior [ RunTime:0.000808s ]
INFO: [ app_end ] --END-- [ RunTime:0.000887s ]

[ 2016-10-29T19:43:25+08:00 ] 127.0.0.1 /index.php/Api/index/textRequset
INFO: [ app_init ] --START--
INFO: Run Behavior\BuildLiteBehavior [ RunTime:0.000014s ]
INFO: [ app_init ] --END-- [ RunTime:0.000473s ]
INFO: [ app_begin ] --START--
INFO: Run Behavior\ReadHtmlCacheBehavior [ RunTime:0.001302s ]
INFO: [ app_begin ] --END-- [ RunTime:0.001361s ]
NOTIC: [8] Use of undefined constant ch - assumed 'ch' D:\api\Application\Common\Common\function.php 第 21 行.
NOTIC: [2] curl_close() expects parameter 1 to be resource, string given D:\api\Application\Common\Common\function.php 第 21 行.
INFO: [ app_end ] --START--
INFO: Run Behavior\ShowPageTraceBehavior [ RunTime:0.001550s ]
INFO: [ app_end ] --END-- [ RunTime:0.001632s ]

[ 2016-10-29T19:45:35+08:00 ] 127.0.0.1 /index.php/Api/index/textRequset
INFO: [ app_init ] --START--
INFO: Run Behavior\BuildLiteBehavior [ RunTime:0.001093s ]
INFO: [ app_init ] --END-- [ RunTime:0.002421s ]
INFO: [ app_begin ] --START--
INFO: Run Behavior\ReadHtmlCacheBehavior [ RunTime:0.001171s ]
INFO: [ app_begin ] --END-- [ RunTime:0.001272s ]
NOTIC: [8] Use of undefined constant ch - assumed 'ch' D:\api\Application\Common\Common\function.php 第 21 行.
NOTIC: [2] curl_close() expects parameter 1 to be resource, string given D:\api\Application\Common\Common\function.php 第 21 行.
INFO: [ app_end ] --START--
INFO: Run Behavior\ShowPageTraceBehavior [ RunTime:0.002180s ]
INFO: [ app_end ] --END-- [ RunTime:0.002438s ]

[ 2016-10-29T19:46:00+08:00 ] 127.0.0.1 /index.php/Api/index/textRequset
INFO: [ app_init ] --START--
INFO: Run Behavior\BuildLiteBehavior [ RunTime:0.000014s ]
INFO: [ app_init ] --END-- [ RunTime:0.000599s ]
INFO: [ app_begin ] --START--
INFO: Run Behavior\ReadHtmlCacheBehavior [ RunTime:0.001271s ]
INFO: [ app_begin ] --END-- [ RunTime:0.001331s ]
NOTIC: [8] Use of undefined constant ch - assumed 'ch' D:\api\Application\Common\Common\function.php 第 21 行.
NOTIC: [2] curl_close() expects parameter 1 to be resource, string given D:\api\Application\Common\Common\function.php 第 21 行.
INFO: [ app_end ] --START--
INFO: Run Behavior\ShowPageTraceBehavior [ RunTime:0.001430s ]
INFO: [ app_end ] --END-- [ RunTime:0.001495s ]

[ 2016-10-29T19:46:03+08:00 ] 127.0.0.1 /index.php/Api/index/textRequset
INFO: [ app_init ] --START--
INFO: Run Behavior\BuildLiteBehavior [ RunTime:0.000024s ]
INFO: [ app_init ] --END-- [ RunTime:0.000480s ]
INFO: [ app_begin ] --START--
INFO: Run Behavior\ReadHtmlCacheBehavior [ RunTime:0.001163s ]
INFO: [ app_begin ] --END-- [ RunTime:0.001220s ]
NOTIC: [8] Use of undefined constant ch - assumed 'ch' D:\api\Application\Common\Common\function.php 第 21 行.
NOTIC: [2] curl_close() expects parameter 1 to be resource, string given D:\api\Application\Common\Common\function.php 第 21 行.
INFO: [ app_end ] --START--
INFO: Run Behavior\ShowPageTraceBehavior [ RunTime:0.001283s ]
INFO: [ app_end ] --END-- [ RunTime:0.001357s ]

[ 2016-10-29T19:46:39+08:00 ] 127.0.0.1 /index.php/Api/index/textRequset
INFO: [ app_init ] --START--
INFO: Run Behavior\BuildLiteBehavior [ RunTime:0.000014s ]
INFO: [ app_init ] --END-- [ RunTime:0.000456s ]
INFO: [ app_begin ] --START--
INFO: Run Behavior\ReadHtmlCacheBehavior [ RunTime:0.000668s ]
INFO: [ app_begin ] --END-- [ RunTime:0.000733s ]
NOTIC: [8] Use of undefined constant ch - assumed 'ch' D:\api\Application\Common\Common\function.php 第 21 行.
NOTIC: [2] curl_close() expects parameter 1 to be resource, string given D:\api\Application\Common\Common\function.php 第 21 行.
INFO: [ app_end ] --START--
INFO: Run Behavior\ShowPageTraceBehavior [ RunTime:0.001288s ]
INFO: [ app_end ] --END-- [ RunTime:0.001403s ]

[ 2016-10-29T19:46:44+08:00 ] 127.0.0.1 /index.php/Api/index/textRequset
INFO: [ app_init ] --START--
INFO: Run Behavior\BuildLiteBehavior [ RunTime:0.000022s ]
INFO: [ app_init ] --END-- [ RunTime:0.000729s ]
INFO: [ app_begin ] --START--
INFO: Run Behavior\ReadHtmlCacheBehavior [ RunTime:0.001659s ]
INFO: [ app_begin ] --END-- [ RunTime:0.001776s ]
NOTIC: [8] Use of undefined constant ch - assumed 'ch' D:\api\Application\Common\Common\function.php 第 21 行.
NOTIC: [2] curl_close() expects parameter 1 to be resource, string given D:\api\Application\Common\Common\function.php 第 21 行.
INFO: [ app_end ] --START--
INFO: Run Behavior\ShowPageTraceBehavior [ RunTime:0.001280s ]
INFO: [ app_end ] --END-- [ RunTime:0.001367s ]

[ 2016-10-29T19:51:40+08:00 ] 127.0.0.1 /index.php/Api/index/textRequset
INFO: [ app_init ] --START--
INFO: Run Behavior\BuildLiteBehavior [ RunTime:0.000014s ]
INFO: [ app_init ] --END-- [ RunTime:0.000459s ]
INFO: [ app_begin ] --START--
INFO: Run Behavior\ReadHtmlCacheBehavior [ RunTime:0.000640s ]
INFO: [ app_begin ] --END-- [ RunTime:0.000706s ]
NOTIC: [8] Use of undefined constant ch - assumed 'ch' D:\api\Application\Common\Common\function.php 第 21 行.
NOTIC: [2] curl_close() expects parameter 1 to be resource, string given D:\api\Application\Common\Common\function.php 第 21 行.
INFO: [ app_end ] --START--
INFO: Run Behavior\ShowPageTraceBehavior [ RunTime:0.001251s ]
INFO: [ app_end ] --END-- [ RunTime:0.001339s ]

[ 2016-10-29T19:51:41+08:00 ] 127.0.0.1 /index.php/Api/index/textRequset
INFO: [ app_init ] --START--
INFO: Run Behavior\BuildLiteBehavior [ RunTime:0.000024s ]
INFO: [ app_init ] --END-- [ RunTime:0.000992s ]
INFO: [ app_begin ] --START--
INFO: Run Behavior\ReadHtmlCacheBehavior [ RunTime:0.001835s ]
INFO: [ app_begin ] --END-- [ RunTime:0.001963s ]
NOTIC: [8] Use of undefined constant ch - assumed 'ch' D:\api\Application\Common\Common\function.php 第 21 行.
NOTIC: [2] curl_close() expects parameter 1 to be resource, string given D:\api\Application\Common\Common\function.php 第 21 行.
INFO: [ app_end ] --START--
INFO: Run Behavior\ShowPageTraceBehavior [ RunTime:0.001714s ]
INFO: [ app_end ] --END-- [ RunTime:0.002061s ]

[ 2016-10-29T19:55:31+08:00 ] 127.0.0.1 /index.php/Api/index/textRequset
INFO: [ app_init ] --START--
INFO: Run Behavior\BuildLiteBehavior [ RunTime:0.000015s ]
INFO: [ app_init ] --END-- [ RunTime:0.000626s ]
INFO: [ app_begin ] --START--
INFO: Run Behavior\ReadHtmlCacheBehavior [ RunTime:0.000985s ]
INFO: [ app_begin ] --END-- [ RunTime:0.001044s ]
NOTIC: [8] Use of undefined constant ch - assumed 'ch' D:\api\Application\Common\Common\function.php 第 21 行.
NOTIC: [2] curl_close() expects parameter 1 to be resource, string given D:\api\Application\Common\Common\function.php 第 21 行.
INFO: [ app_end ] --START--
INFO: Run Behavior\ShowPageTraceBehavior [ RunTime:0.002285s ]
INFO: [ app_end ] --END-- [ RunTime:0.002423s ]

[ 2016-10-29T19:55:33+08:00 ] 127.0.0.1 /index.php/Api/index/textRequset
INFO: [ app_init ] --START--
INFO: Run Behavior\BuildLiteBehavior [ RunTime:0.000023s ]
INFO: [ app_init ] --END-- [ RunTime:0.000754s ]
INFO: [ app_begin ] --START--
INFO: Run Behavior\ReadHtmlCacheBehavior [ RunTime:0.001646s ]
INFO: [ app_begin ] --END-- [ RunTime:0.001771s ]
NOTIC: [8] Use of undefined constant ch - assumed 'ch' D:\api\Application\Common\Common\function.php 第 21 行.
NOTIC: [2] curl_close() expects parameter 1 to be resource, string given D:\api\Application\Common\Common\function.php 第 21 行.
INFO: [ app_end ] --START--
INFO: Run Behavior\ShowPageTraceBehavior [ RunTime:0.002355s ]
INFO: [ app_end ] --END-- [ RunTime:0.002437s ]

[ 2016-10-29T19:56:34+08:00 ] 127.0.0.1 /index.php/Api/index/tianqi/
INFO: [ app_init ] --START--
INFO: Run Behavior\BuildLiteBehavior [ RunTime:0.000016s ]
INFO: [ app_init ] --END-- [ RunTime:0.000542s ]
INFO: [ app_begin ] --START--
INFO: Run Behavior\ReadHtmlCacheBehavior [ RunTime:0.001294s ]
INFO: [ app_begin ] --END-- [ RunTime:0.001357s ]
NOTIC: [8] Use of undefined constant ch - assumed 'ch' D:\api\Application\Common\Common\function.php 第 21 行.
NOTIC: [2] curl_close() expects parameter 1 to be resource, string given D:\api\Application\Common\Common\function.php 第 21 行.
INFO: [ app_end ] --START--
INFO: Run Behavior\ShowPageTraceBehavior [ RunTime:0.001409s ]
INFO: [ app_end ] --END-- [ RunTime:0.001484s ]

[ 2016-10-29T19:56:44+08:00 ] 127.0.0.1 /index.php/Api/index/tianqi/%E5%8C%97%E4%BA%AC
INFO: [ app_init ] --START--
INFO: Run Behavior\BuildLiteBehavior [ RunTime:0.000015s ]
INFO: [ app_init ] --END-- [ RunTime:0.000485s ]
INFO: [ app_begin ] --START--
INFO: Run Behavior\ReadHtmlCacheBehavior [ RunTime:0.001198s ]
INFO: [ app_begin ] --END-- [ RunTime:0.001259s ]
NOTIC: [8] Use of undefined constant ch - assumed 'ch' D:\api\Application\Common\Common\function.php 第 21 行.
NOTIC: [2] curl_close() expects parameter 1 to be resource, string given D:\api\Application\Common\Common\function.php 第 21 行.
INFO: [ app_end ] --START--
INFO: Run Behavior\ShowPageTraceBehavior [ RunTime:0.001258s ]
INFO: [ app_end ] --END-- [ RunTime:0.001333s ]

[ 2016-10-29T19:56:46+08:00 ] 127.0.0.1 /index.php/Api/index/tianqi/%E5%8C%97%E4%BA%AC
INFO: [ app_init ] --START--
INFO: Run Behavior\BuildLiteBehavior [ RunTime:0.000015s ]
INFO: [ app_init ] --END-- [ RunTime:0.000483s ]
INFO: [ app_begin ] --START--
INFO: Run Behavior\ReadHtmlCacheBehavior [ RunTime:0.001225s ]
INFO: [ app_begin ] --END-- [ RunTime:0.001297s ]
NOTIC: [8] Use of undefined constant ch - assumed 'ch' D:\api\Application\Common\Common\function.php 第 21 行.
NOTIC: [2] curl_close() expects parameter 1 to be resource, string given D:\api\Application\Common\Common\function.php 第 21 行.
INFO: [ app_end ] --START--
INFO: Run Behavior\ShowPageTraceBehavior [ RunTime:0.001283s ]
INFO: [ app_end ] --END-- [ RunTime:0.001349s ]

[ 2016-10-29T19:57:05+08:00 ] 127.0.0.1 /index.php/Api/index/tianqi/dizhi/%E5%8C%97%E4%BA%AC
INFO: [ app_init ] --START--
INFO: Run Behavior\BuildLiteBehavior [ RunTime:0.000016s ]
INFO: [ app_init ] --END-- [ RunTime:0.000529s ]
INFO: [ app_begin ] --START--
INFO: Run Behavior\ReadHtmlCacheBehavior [ RunTime:0.001336s ]
INFO: [ app_begin ] --END-- [ RunTime:0.001417s ]
NOTIC: [8] Use of undefined constant ch - assumed 'ch' D:\api\Application\Common\Common\function.php 第 21 行.
NOTIC: [2] curl_close() expects parameter 1 to be resource, string given D:\api\Application\Common\Common\function.php 第 21 行.
INFO: [ app_end ] --START--
INFO: Run Behavior\ShowPageTraceBehavior [ RunTime:0.001289s ]
INFO: [ app_end ] --END-- [ RunTime:0.001359s ]

[ 2016-10-29T19:57:42+08:00 ] 127.0.0.1 /index.php/Api/index/tianqi
INFO: [ app_init ] --START--
INFO: Run Behavior\BuildLiteBehavior [ RunTime:0.000015s ]
INFO: [ app_init ] --END-- [ RunTime:0.000655s ]
INFO: [ app_begin ] --START--
INFO: Run Behavior\ReadHtmlCacheBehavior [ RunTime:0.001272s ]
INFO: [ app_begin ] --END-- [ RunTime:0.001340s ]
NOTIC: [8] Use of undefined constant ch - assumed 'ch' D:\api\Application\Common\Common\function.php 第 21 行.
NOTIC: [2] curl_close() expects parameter 1 to be resource, string given D:\api\Application\Common\Common\function.php 第 21 行.
INFO: [ app_end ] --START--
INFO: Run Behavior\ShowPageTraceBehavior [ RunTime:0.001319s ]
INFO: [ app_end ] --END-- [ RunTime:0.001389s ]

[ 2016-10-29T19:57:51+08:00 ] 127.0.0.1 /index.php/Api/index/tianqi/dizhi/%E9%B9%A4%E5%A3%81
INFO: [ app_init ] --START--
INFO: Run Behavior\BuildLiteBehavior [ RunTime:0.000016s ]
INFO: [ app_init ] --END-- [ RunTime:0.000530s ]
INFO: [ app_begin ] --START--
INFO: Run Behavior\ReadHtmlCacheBehavior [ RunTime:0.001173s ]
INFO: [ app_begin ] --END-- [ RunTime:0.001231s ]
NOTIC: [8] Use of undefined constant ch - assumed 'ch' D:\api\Application\Common\Common\function.php 第 21 行.
NOTIC: [2] curl_close() expects parameter 1 to be resource, string given D:\api\Application\Common\Common\function.php 第 21 行.
INFO: [ app_end ] --START--
INFO: Run Behavior\ShowPageTraceBehavior [ RunTime:0.001459s ]
INFO: [ app_end ] --END-- [ RunTime:0.001555s ]

[ 2016-10-29T19:59:37+08:00 ] 127.0.0.1 /index.php/Api/index/tianqi/dizhi/%E9%B9%A4%E5%A3%81
INFO: [ app_init ] --START--
INFO: Run Behavior\BuildLiteBehavior [ RunTime:0.000014s ]
INFO: [ app_init ] --END-- [ RunTime:0.000479s ]
INFO: [ app_begin ] --START--
INFO: Run Behavior\ReadHtmlCacheBehavior [ RunTime:0.001266s ]
INFO: [ app_begin ] --END-- [ RunTime:0.001323s ]
NOTIC: [8] Use of undefined constant ch - assumed 'ch' D:\api\Application\Common\Common\function.php 第 21 行.
NOTIC: [2] curl_close() expects parameter 1 to be resource, string given D:\api\Application\Common\Common\function.php 第 21 行.
INFO: [ app_end ] --START--
INFO: Run Behavior\ShowPageTraceBehavior [ RunTime:0.001624s ]
INFO: [ app_end ] --END-- [ RunTime:0.001704s ]

[ 2016-10-29T20:00:30+08:00 ] 127.0.0.1 /index.php/Api/index/tianqi/dizhi/%E9%B9%A4%E5%A3%81
INFO: [ app_init ] --START--
INFO: Run Behavior\BuildLiteBehavior [ RunTime:0.000017s ]
INFO: [ app_init ] --END-- [ RunTime:0.000644s ]
INFO: [ app_begin ] --START--
INFO: Run Behavior\ReadHtmlCacheBehavior [ RunTime:0.001190s ]
INFO: [ app_begin ] --END-- [ RunTime:0.001257s ]
NOTIC: [8] Use of undefined constant ch - assumed 'ch' D:\api\Application\Common\Common\function.php 第 21 行.
NOTIC: [2] curl_close() expects parameter 1 to be resource, string given D:\api\Application\Common\Common\function.php 第 21 行.
INFO: [ app_end ] --START--
INFO: Run Behavior\ShowPageTraceBehavior [ RunTime:0.001222s ]
INFO: [ app_end ] --END-- [ RunTime:0.001291s ]

[ 2016-10-29T20:01:57+08:00 ] 127.0.0.1 /index.php/Api/index/tianqi/dizhi/%E9%B9%A4%E5%A3%81
INFO: [ app_init ] --START--
INFO: Run Behavior\BuildLiteBehavior [ RunTime:0.000014s ]
INFO: [ app_init ] --END-- [ RunTime:0.000455s ]
INFO: [ app_begin ] --START--
INFO: Run Behavior\ReadHtmlCacheBehavior [ RunTime:0.001324s ]
INFO: [ app_begin ] --END-- [ RunTime:0.001397s ]
NOTIC: [8] Use of undefined constant ch - assumed 'ch' D:\api\Application\Common\Common\function.php 第 21 行.
NOTIC: [2] curl_close() expects parameter 1 to be resource, string given D:\api\Application\Common\Common\function.php 第 21 行.
INFO: [ app_end ] --START--
INFO: Run Behavior\ShowPageTraceBehavior [ RunTime:0.001509s ]
INFO: [ app_end ] --END-- [ RunTime:0.001582s ]

[ 2016-10-29T20:02:16+08:00 ] 127.0.0.1 /index.php/Api/index/tianqi/dizhi/%E9%B9%A4%E5%A3%81
INFO: [ app_init ] --START--
INFO: Run Behavior\BuildLiteBehavior [ RunTime:0.000027s ]
INFO: [ app_init ] --END-- [ RunTime:0.000518s ]
INFO: [ app_begin ] --START--
INFO: Run Behavior\ReadHtmlCacheBehavior [ RunTime:0.001172s ]
INFO: [ app_begin ] --END-- [ RunTime:0.001240s ]
NOTIC: [8] Use of undefined constant ch - assumed 'ch' D:\api\Application\Common\Common\function.php 第 21 行.
NOTIC: [2] curl_close() expects parameter 1 to be resource, string given D:\api\Application\Common\Common\function.php 第 21 行.
NOTIC: [8] Trying to get property of non-object D:\api\Application\Api\Controller\IndexController.class.php 第 59 行.
INFO: [ app_end ] --START--
INFO: Run Behavior\ShowPageTraceBehavior [ RunTime:0.001297s ]
INFO: [ app_end ] --END-- [ RunTime:0.001362s ]

[ 2016-10-29T20:02:27+08:00 ] 127.0.0.1 /index.php/Api/index/tianqi/dizhi/%E9%B9%A4%E5%A3%81
INFO: [ app_init ] --START--
INFO: Run Behavior\BuildLiteBehavior [ RunTime:0.000015s ]
INFO: [ app_init ] --END-- [ RunTime:0.000485s ]
INFO: [ app_begin ] --START--
INFO: Run Behavior\ReadHtmlCacheBehavior [ RunTime:0.001155s ]
INFO: [ app_begin ] --END-- [ RunTime:0.001211s ]
NOTIC: [8] Use of undefined constant ch - assumed 'ch' D:\api\Application\Common\Common\function.php 第 21 行.
NOTIC: [2] curl_close() expects parameter 1 to be resource, string given D:\api\Application\Common\Common\function.php 第 21 行.
INFO: [ app_end ] --START--
INFO: Run Behavior\ShowPageTraceBehavior [ RunTime:0.001287s ]
INFO: [ app_end ] --END-- [ RunTime:0.001362s ]

[ 2016-10-29T20:03:56+08:00 ] 127.0.0.1 /index.php/Api/index/tianqi/dizhi/%E9%B9%A4%E5%A3%81
INFO: [ app_init ] --START--
INFO: Run Behavior\BuildLiteBehavior [ RunTime:0.000015s ]
INFO: [ app_init ] --END-- [ RunTime:0.000696s ]
INFO: [ app_begin ] --START--
INFO: Run Behavior\ReadHtmlCacheBehavior [ RunTime:0.001164s ]
INFO: [ app_begin ] --END-- [ RunTime:0.001223s ]
NOTIC: [8] Use of undefined constant ch - assumed 'ch' D:\api\Application\Common\Common\function.php 第 21 行.
NOTIC: [2] curl_close() expects parameter 1 to be resource, string given D:\api\Application\Common\Common\function.php 第 21 行.
INFO: [ app_end ] --START--
INFO: Run Behavior\ShowPageTraceBehavior [ RunTime:0.001223s ]
INFO: [ app_end ] --END-- [ RunTime:0.001290s ]

[ 2016-10-29T20:07:06+08:00 ] 127.0.0.1 /index.php/Api/index/tianqi/dizhi/%E9%B9%A4%E5%A3%81
INFO: [ app_init ] --START--
INFO: Run Behavior\BuildLiteBehavior [ RunTime:0.000018s ]
INFO: [ app_init ] --END-- [ RunTime:0.000825s ]
INFO: [ app_begin ] --START--
INFO: Run Behavior\ReadHtmlCacheBehavior [ RunTime:0.001404s ]
INFO: [ app_begin ] --END-- [ RunTime:0.001473s ]
NOTIC: [8] Use of undefined constant ch - assumed 'ch' D:\api\Application\Common\Common\function.php 第 21 行.
NOTIC: [2] curl_close() expects parameter 1 to be resource, string given D:\api\Application\Common\Common\function.php 第 21 行.
INFO: [ app_end ] --START--
INFO: Run Behavior\ShowPageTraceBehavior [ RunTime:0.001365s ]
INFO: [ app_end ] --END-- [ RunTime:0.001433s ]

[ 2016-10-29T20:29:27+08:00 ] 127.0.0.1 /index.php/Api/index/tianqi/dizhi/15638073720
INFO: [ app_init ] --START--
INFO: Run Behavior\BuildLiteBehavior [ RunTime:0.000015s ]
INFO: [ app_init ] --END-- [ RunTime:0.000635s ]
INFO: [ app_begin ] --START--
INFO: Run Behavior\ReadHtmlCacheBehavior [ RunTime:0.001274s ]
INFO: [ app_begin ] --END-- [ RunTime:0.001332s ]
NOTIC: [8] Use of undefined constant ch - assumed 'ch' D:\api\Application\Common\Common\function.php 第 21 行.
NOTIC: [2] curl_close() expects parameter 1 to be resource, string given D:\api\Application\Common\Common\function.php 第 21 行.
NOTIC: [8] Trying to get property of non-object D:\api\Application\Api\Controller\IndexController.class.php 第 58 行.
NOTIC: [8] Trying to get property of non-object D:\api\Application\Api\Controller\IndexController.class.php 第 59 行.
NOTIC: [8] Trying to get property of non-object D:\api\Application\Api\Controller\IndexController.class.php 第 60 行.
NOTIC: [8] Trying to get property of non-object D:\api\Application\Api\Controller\IndexController.class.php 第 61 行.
NOTIC: [8] Trying to get property of non-object D:\api\Application\Api\Controller\IndexController.class.php 第 62 行.
NOTIC: [8] Trying to get property of non-object D:\api\Application\Api\Controller\IndexController.class.php 第 63 行.
NOTIC: [8] Trying to get property of non-object D:\api\Application\Api\Controller\IndexController.class.php 第 64 行.
NOTIC: [8] Trying to get property of non-object D:\api\Application\Api\Controller\IndexController.class.php 第 65 行.
NOTIC: [8] Trying to get property of non-object D:\api\Application\Api\Controller\IndexController.class.php 第 66 行.
NOTIC: [8] Trying to get property of non-object D:\api\Application\Api\Controller\IndexController.class.php 第 67 行.
NOTIC: [8] Trying to get property of non-object D:\api\Application\Api\Controller\IndexController.class.php 第 68 行.
NOTIC: [8] Trying to get property of non-object D:\api\Application\Api\Controller\IndexController.class.php 第 69 行.
NOTIC: [8] Trying to get property of non-object D:\api\Application\Api\Controller\IndexController.class.php 第 70 行.
NOTIC: [8] Trying to get property of non-object D:\api\Application\Api\Controller\IndexController.class.php 第 71 行.
NOTIC: [8] Trying to get property of non-object D:\api\Application\Api\Controller\IndexController.class.php 第 72 行.
NOTIC: [8] Trying to get property of non-object D:\api\Application\Api\Controller\IndexController.class.php 第 73 行.
INFO: [ app_end ] --START--
INFO: Run Behavior\ShowPageTraceBehavior [ RunTime:0.001413s ]
INFO: [ app_end ] --END-- [ RunTime:0.001477s ]

[ 2016-10-29T20:30:06+08:00 ] 127.0.0.1 /index.php/Api/index/guishudi/dizhi/15638073720
INFO: [ app_init ] --START--
INFO: Run Behavior\BuildLiteBehavior [ RunTime:0.000018s ]
INFO: [ app_init ] --END-- [ RunTime:0.000586s ]
INFO: [ app_begin ] --START--
INFO: Run Behavior\ReadHtmlCacheBehavior [ RunTime:0.001235s ]
INFO: [ app_begin ] --END-- [ RunTime:0.001304s ]
NOTIC: [8] Use of undefined constant ch - assumed 'ch' D:\api\Application\Common\Common\function.php 第 21 行.
NOTIC: [2] curl_close() expects parameter 1 to be resource, string given D:\api\Application\Common\Common\function.php 第 21 行.
INFO: [ app_end ] --START--
INFO: Run Behavior\ShowPageTraceBehavior [ RunTime:0.001277s ]
INFO: [ app_end ] --END-- [ RunTime:0.001343s ]

[ 2016-10-29T20:31:25+08:00 ] 127.0.0.1 /index.php/Api/index/guishudi/dizhi/15638073720
INFO: [ app_init ] --START--
INFO: Run Behavior\BuildLiteBehavior [ RunTime:0.000017s ]
INFO: [ app_init ] --END-- [ RunTime:0.000576s ]
INFO: [ app_begin ] --START--
INFO: Run Behavior\ReadHtmlCacheBehavior [ RunTime:0.000837s ]
INFO: [ app_begin ] --END-- [ RunTime:0.000918s ]
NOTIC: [8] Use of undefined constant dizhi - assumed 'dizhi' D:\api\Application\Api\Controller\IndexController.class.php 第 80 行.
NOTIC: [8] Use of undefined constant ch - assumed 'ch' D:\api\Application\Common\Common\function.php 第 21 行.
NOTIC: [2] curl_close() expects parameter 1 to be resource, string given D:\api\Application\Common\Common\function.php 第 21 行.
INFO: [ app_end ] --START--
INFO: Run Behavior\ShowPageTraceBehavior [ RunTime:0.001126s ]
INFO: [ app_end ] --END-- [ RunTime:0.001211s ]

[ 2016-10-29T20:31:46+08:00 ] 127.0.0.1 /index.php/Api/index/guishudi/dizhi/15638073720
INFO: [ app_init ] --START--
INFO: Run Behavior\BuildLiteBehavior [ RunTime:0.000016s ]
INFO: [ app_init ] --END-- [ RunTime:0.000667s ]
INFO: [ app_begin ] --START--
INFO: Run Behavior\ReadHtmlCacheBehavior [ RunTime:0.000593s ]
INFO: [ app_begin ] --END-- [ RunTime:0.000667s ]
NOTIC: [8] Use of undefined constant dizhi - assumed 'dizhi' D:\api\Application\Api\Controller\IndexController.class.php 第 80 行.
NOTIC: [8] Use of undefined constant ch - assumed 'ch' D:\api\Application\Common\Common\function.php 第 21 行.
NOTIC: [2] curl_close() expects parameter 1 to be resource, string given D:\api\Application\Common\Common\function.php 第 21 行.
INFO: [ app_end ] --START--
INFO: Run Behavior\ShowPageTraceBehavior [ RunTime:0.000911s ]
INFO: [ app_end ] --END-- [ RunTime:0.001003s ]

[ 2016-10-29T20:32:08+08:00 ] 127.0.0.1 /index.php/Api/index/guishudi/phone/15638073720
INFO: [ app_init ] --START--
INFO: Run Behavior\BuildLiteBehavior [ RunTime:0.000016s ]
INFO: [ app_init ] --END-- [ RunTime:0.000817s ]
INFO: [ app_begin ] --START--
INFO: Run Behavior\ReadHtmlCacheBehavior [ RunTime:0.001210s ]
INFO: [ app_begin ] --END-- [ RunTime:0.001274s ]
NOTIC: [8] Use of undefined constant dizhi - assumed 'dizhi' D:\api\Application\Api\Controller\IndexController.class.php 第 80 行.
NOTIC: [8] Use of undefined constant ch - assumed 'ch' D:\api\Application\Common\Common\function.php 第 21 行.
NOTIC: [2] curl_close() expects parameter 1 to be resource, string given D:\api\Application\Common\Common\function.php 第 21 行.
INFO: [ app_end ] --START--
INFO: Run Behavior\ShowPageTraceBehavior [ RunTime:0.001130s ]
INFO: [ app_end ] --END-- [ RunTime:0.001230s ]

[ 2016-10-29T20:32:09+08:00 ] 127.0.0.1 /index.php/Api/index/guishudi/phone/15638073720
INFO: [ app_init ] --START--
INFO: Run Behavior\BuildLiteBehavior [ RunTime:0.000016s ]
INFO: [ app_init ] --END-- [ RunTime:0.000535s ]
INFO: [ app_begin ] --START--
INFO: Run Behavior\ReadHtmlCacheBehavior [ RunTime:0.000638s ]
INFO: [ app_begin ] --END-- [ RunTime:0.000701s ]
NOTIC: [8] Use of undefined constant dizhi - assumed 'dizhi' D:\api\Application\Api\Controller\IndexController.class.php 第 80 行.
NOTIC: [8] Use of undefined constant ch - assumed 'ch' D:\api\Application\Common\Common\function.php 第 21 行.
NOTIC: [2] curl_close() expects parameter 1 to be resource, string given D:\api\Application\Common\Common\function.php 第 21 行.
INFO: [ app_end ] --START--
INFO: Run Behavior\ShowPageTraceBehavior [ RunTime:0.000765s ]
INFO: [ app_end ] --END-- [ RunTime:0.000833s ]

[ 2016-10-29T20:32:10+08:00 ] 127.0.0.1 /index.php/Api/index/guishudi/phone/15638073720
INFO: [ app_init ] --START--
INFO: Run Behavior\BuildLiteBehavior [ RunTime:0.000014s ]
INFO: [ app_init ] --END-- [ RunTime:0.000508s ]
INFO: [ app_begin ] --START--
INFO: Run Behavior\ReadHtmlCacheBehavior [ RunTime:0.001207s ]
INFO: [ app_begin ] --END-- [ RunTime:0.001414s ]
NOTIC: [8] Use of undefined constant dizhi - assumed 'dizhi' D:\api\Application\Api\Controller\IndexController.class.php 第 80 行.
NOTIC: [8] Use of undefined constant ch - assumed 'ch' D:\api\Application\Common\Common\function.php 第 21 行.
NOTIC: [2] curl_close() expects parameter 1 to be resource, string given D:\api\Application\Common\Common\function.php 第 21 行.
INFO: [ app_end ] --START--
INFO: Run Behavior\ShowPageTraceBehavior [ RunTime:0.000703s ]
INFO: [ app_end ] --END-- [ RunTime:0.000829s ]

[ 2016-10-29T20:32:53+08:00 ] 127.0.0.1 /index.php/Api/index/guishudi/phone/15638073720
INFO: [ app_init ] --START--
INFO: Run Behavior\BuildLiteBehavior [ RunTime:0.000016s ]
INFO: [ app_init ] --END-- [ RunTime:0.000512s ]
INFO: [ app_begin ] --START--
INFO: Run Behavior\ReadHtmlCacheBehavior [ RunTime:0.000642s ]
INFO: [ app_begin ] --END-- [ RunTime:0.000711s ]
NOTIC: [8] Use of undefined constant dizhi - assumed 'dizhi' D:\api\Application\Api\Controller\IndexController.class.php 第 80 行.
NOTIC: [8] Use of undefined constant ch - assumed 'ch' D:\api\Application\Common\Common\function.php 第 21 行.
NOTIC: [2] curl_close() expects parameter 1 to be resource, string given D:\api\Application\Common\Common\function.php 第 21 行.
INFO: [ app_end ] --START--
INFO: Run Behavior\ShowPageTraceBehavior [ RunTime:0.000753s ]
INFO: [ app_end ] --END-- [ RunTime:0.000821s ]

[ 2016-10-29T20:32:54+08:00 ] 127.0.0.1 /index.php/Api/index/guishudi/phone/15638073720
INFO: [ app_init ] --START--
INFO: Run Behavior\BuildLiteBehavior [ RunTime:0.000016s ]
INFO: [ app_init ] --END-- [ RunTime:0.000519s ]
INFO: [ app_begin ] --START--
INFO: Run Behavior\ReadHtmlCacheBehavior [ RunTime:0.000604s ]
INFO: [ app_begin ] --END-- [ RunTime:0.000666s ]
NOTIC: [8] Use of undefined constant dizhi - assumed 'dizhi' D:\api\Application\Api\Controller\IndexController.class.php 第 80 行.
NOTIC: [8] Use of undefined constant ch - assumed 'ch' D:\api\Application\Common\Common\function.php 第 21 行.
NOTIC: [2] curl_close() expects parameter 1 to be resource, string given D:\api\Application\Common\Common\function.php 第 21 行.
INFO: [ app_end ] --START--
INFO: Run Behavior\ShowPageTraceBehavior [ RunTime:0.000786s ]
INFO: [ app_end ] --END-- [ RunTime:0.000856s ]

[ 2016-10-29T20:33:13+08:00 ] 127.0.0.1 /index.php/Api/index/guishudi/phone/15638073720
INFO: [ app_init ] --START--
INFO: Run Behavior\BuildLiteBehavior [ RunTime:0.000016s ]
INFO: [ app_init ] --END-- [ RunTime:0.000523s ]
INFO: [ app_begin ] --START--
INFO: Run Behavior\ReadHtmlCacheBehavior [ RunTime:0.000666s ]
INFO: [ app_begin ] --END-- [ RunTime:0.000738s ]
NOTIC: [8] Use of undefined constant dizhi - assumed 'dizhi' D:\api\Application\Api\Controller\IndexController.class.php 第 80 行.
NOTIC: [8] Use of undefined constant ch - assumed 'ch' D:\api\Application\Common\Common\function.php 第 21 行.
NOTIC: [2] curl_close() expects parameter 1 to be resource, string given D:\api\Application\Common\Common\function.php 第 21 行.
INFO: [ app_end ] --START--
INFO: Run Behavior\ShowPageTraceBehavior [ RunTime:0.000748s ]
INFO: [ app_end ] --END-- [ RunTime:0.000811s ]

[ 2016-10-29T20:33:14+08:00 ] 127.0.0.1 /index.php/Api/index/guishudi/phone/15638073720
INFO: [ app_init ] --START--
INFO: Run Behavior\BuildLiteBehavior [ RunTime:0.000014s ]
INFO: [ app_init ] --END-- [ RunTime:0.000447s ]
INFO: [ app_begin ] --START--
INFO: Run Behavior\ReadHtmlCacheBehavior [ RunTime:0.000554s ]
INFO: [ app_begin ] --END-- [ RunTime:0.000615s ]
NOTIC: [8] Use of undefined constant dizhi - assumed 'dizhi' D:\api\Application\Api\Controller\IndexController.class.php 第 80 行.
NOTIC: [8] Use of undefined constant ch - assumed 'ch' D:\api\Application\Common\Common\function.php 第 21 行.
NOTIC: [2] curl_close() expects parameter 1 to be resource, string given D:\api\Application\Common\Common\function.php 第 21 行.
INFO: [ app_end ] --START--
INFO: Run Behavior\ShowPageTraceBehavior [ RunTime:0.000748s ]
INFO: [ app_end ] --END-- [ RunTime:0.000810s ]

[ 2016-10-29T20:36:08+08:00 ] 127.0.0.1 /index.php/Api/index/guishudi/phone/15638073720
INFO: [ app_init ] --START--
INFO: Run Behavior\BuildLiteBehavior [ RunTime:0.000016s ]
INFO: [ app_init ] --END-- [ RunTime:0.000657s ]
INFO: [ app_begin ] --START--
INFO: Run Behavior\ReadHtmlCacheBehavior [ RunTime:0.001001s ]
INFO: [ app_begin ] --END-- [ RunTime:0.001068s ]
NOTIC: [8] Use of undefined constant dizhi - assumed 'dizhi' D:\api\Application\Api\Controller\IndexController.class.php 第 80 行.
NOTIC: [8] Use of undefined constant ch - assumed 'ch' D:\api\Application\Common\Common\function.php 第 21 行.
NOTIC: [2] curl_close() expects parameter 1 to be resource, string given D:\api\Application\Common\Common\function.php 第 21 行.
INFO: [ app_end ] --START--
INFO: Run Behavior\ShowPageTraceBehavior [ RunTime:0.001049s ]
INFO: [ app_end ] --END-- [ RunTime:0.001154s ]

[ 2016-10-29T20:37:13+08:00 ] 127.0.0.1 /index.php/Api/index/guishudi/phone/15638073720
INFO: [ app_init ] --START--
INFO: Run Behavior\BuildLiteBehavior [ RunTime:0.000017s ]
INFO: [ app_init ] --END-- [ RunTime:0.000602s ]
INFO: [ app_begin ] --START--
INFO: Run Behavior\ReadHtmlCacheBehavior [ RunTime:0.000597s ]
INFO: [ app_begin ] --END-- [ RunTime:0.000654s ]
NOTIC: [8] Use of undefined constant dizhi - assumed 'dizhi' D:\api\Application\Api\Controller\IndexController.class.php 第 80 行.
NOTIC: [8] Use of undefined constant ch - assumed 'ch' D:\api\Application\Common\Common\function.php 第 21 行.
NOTIC: [2] curl_close() expects parameter 1 to be resource, string given D:\api\Application\Common\Common\function.php 第 21 行.
INFO: [ app_end ] --START--
INFO: Run Behavior\ShowPageTraceBehavior [ RunTime:0.000799s ]
INFO: [ app_end ] --END-- [ RunTime:0.000865s ]

[ 2016-10-29T20:37:23+08:00 ] 127.0.0.1 /index.php/Api/index/guishudi/phone/15638073720
INFO: [ app_init ] --START--
INFO: Run Behavior\BuildLiteBehavior [ RunTime:0.000013s ]
INFO: [ app_init ] --END-- [ RunTime:0.000449s ]
INFO: [ app_begin ] --START--
INFO: Run Behavior\ReadHtmlCacheBehavior [ RunTime:0.000578s ]
INFO: [ app_begin ] --END-- [ RunTime:0.000655s ]
NOTIC: [8] Use of undefined constant dizhi - assumed 'dizhi' D:\api\Application\Api\Controller\IndexController.class.php 第 80 行.
NOTIC: [8] Use of undefined constant ch - assumed 'ch' D:\api\Application\Common\Common\function.php 第 21 行.
NOTIC: [2] curl_close() expects parameter 1 to be resource, string given D:\api\Application\Common\Common\function.php 第 21 行.
INFO: [ app_end ] --START--
INFO: Run Behavior\ShowPageTraceBehavior [ RunTime:0.000764s ]
INFO: [ app_end ] --END-- [ RunTime:0.000828s ]

[ 2016-10-29T20:38:42+08:00 ] 127.0.0.1 /index.php/Api/index/guishudi/phone/15638073720
INFO: [ app_init ] --START--
INFO: Run Behavior\BuildLiteBehavior [ RunTime:0.000016s ]
INFO: [ app_init ] --END-- [ RunTime:0.000684s ]
INFO: [ app_begin ] --START--
INFO: Run Behavior\ReadHtmlCacheBehavior [ RunTime:0.001055s ]
INFO: [ app_begin ] --END-- [ RunTime:0.001131s ]
NOTIC: [8] Use of undefined constant ch - assumed 'ch' D:\api\Application\Common\Common\function.php 第 21 行.
NOTIC: [2] curl_close() expects parameter 1 to be resource, string given D:\api\Application\Common\Common\function.php 第 21 行.
INFO: [ app_end ] --START--
INFO: Run Behavior\ShowPageTraceBehavior [ RunTime:0.001128s ]
INFO: [ app_end ] --END-- [ RunTime:0.001198s ]

[ 2016-10-29T20:41:28+08:00 ] 127.0.0.1 /index.php/Api/index/guishudi/phone/15638073720
INFO: [ app_init ] --START--
INFO: Run Behavior\BuildLiteBehavior [ RunTime:0.000015s ]
INFO: [ app_init ] --END-- [ RunTime:0.000658s ]
INFO: [ app_begin ] --START--
INFO: Run Behavior\ReadHtmlCacheBehavior [ RunTime:0.001032s ]
INFO: [ app_begin ] --END-- [ RunTime:0.001110s ]
NOTIC: [8] Use of undefined constant ch - assumed 'ch' D:\api\Application\Common\Common\function.php 第 21 行.
NOTIC: [2] curl_close() expects parameter 1 to be resource, string given D:\api\Application\Common\Common\function.php 第 21 行.
INFO: [ app_end ] --START--
INFO: Run Behavior\ShowPageTraceBehavior [ RunTime:0.001143s ]
INFO: [ app_end ] --END-- [ RunTime:0.001220s ]

[ 2016-10-29T20:41:41+08:00 ] 127.0.0.1 /index.php/Api/index/guishudi/phone/15638073720
INFO: [ app_init ] --START--
INFO: Run Behavior\BuildLiteBehavior [ RunTime:0.000014s ]
INFO: [ app_init ] --END-- [ RunTime:0.000484s ]
INFO: [ app_begin ] --START--
INFO: Run Behavior\ReadHtmlCacheBehavior [ RunTime:0.000592s ]
INFO: [ app_begin ] --END-- [ RunTime:0.000652s ]
NOTIC: [8] Use of undefined constant ch - assumed 'ch' D:\api\Application\Common\Common\function.php 第 21 行.
NOTIC: [2] curl_close() expects parameter 1 to be resource, string given D:\api\Application\Common\Common\function.php 第 21 行.
INFO: [ app_end ] --START--
INFO: Run Behavior\ShowPageTraceBehavior [ RunTime:0.000803s ]
INFO: [ app_end ] --END-- [ RunTime:0.000885s ]

[ 2016-10-29T20:42:50+08:00 ] 127.0.0.1 /index.php/Api/index/guishudi/phone/15639722935
INFO: [ app_init ] --START--
INFO: Run Behavior\BuildLiteBehavior [ RunTime:0.000013s ]
INFO: [ app_init ] --END-- [ RunTime:0.000478s ]
INFO: [ app_begin ] --START--
INFO: Run Behavior\ReadHtmlCacheBehavior [ RunTime:0.000700s ]
INFO: [ app_begin ] --END-- [ RunTime:0.000782s ]
NOTIC: [8] Use of undefined constant ch - assumed 'ch' D:\api\Application\Common\Common\function.php 第 21 行.
NOTIC: [2] curl_close() expects parameter 1 to be resource, string given D:\api\Application\Common\Common\function.php 第 21 行.
INFO: [ app_end ] --START--
INFO: Run Behavior\ShowPageTraceBehavior [ RunTime:0.000742s ]
INFO: [ app_end ] --END-- [ RunTime:0.000805s ]

[ 2016-10-29T20:43:02+08:00 ] 127.0.0.1 /index.php/Api/index/guishudi/phone/15652592226
INFO: [ app_init ] --START--
INFO: Run Behavior\BuildLiteBehavior [ RunTime:0.000014s ]
INFO: [ app_init ] --END-- [ RunTime:0.000473s ]
INFO: [ app_begin ] --START--
INFO: Run Behavior\ReadHtmlCacheBehavior [ RunTime:0.000554s ]
INFO: [ app_begin ] --END-- [ RunTime:0.000609s ]
NOTIC: [8] Use of undefined constant ch - assumed 'ch' D:\api\Application\Common\Common\function.php 第 21 行.
NOTIC: [2] curl_close() expects parameter 1 to be resource, string given D:\api\Application\Common\Common\function.php 第 21 行.
INFO: [ app_end ] --START--
INFO: Run Behavior\ShowPageTraceBehavior [ RunTime:0.000914s ]
INFO: [ app_end ] --END-- [ RunTime:0.000995s ]

